# JRE version: OpenJDK Runtime Environment (8.0_111-b14) (build 1.8.0_111-8u111-b14-2ubuntu0.16.04.2-b14)
# Java VM: OpenJDK 64-Bit Server VM (25.111-b14 mixed mode linux-amd64 compressed oops)
Heap:
 PSYoungGen      total 117760K, used 26116K [0x00000000ec100000, 0x00000000f8c00000, 0x0000000100000000)
  eden space 105472K, 13% used [0x00000000ec100000,0x00000000ecea14b0,0x00000000f2800000)
  from space 12288K, 98% used [0x00000000f8000000,0x00000000f8bdfda0,0x00000000f8c00000)
  to   space 20480K, 0% used [0x00000000f6400000,0x00000000f6400000,0x00000000f7800000)
 ParOldGen       total 66560K, used 48449K [0x00000000c4200000, 0x00000000c8300000, 0x00000000ec100000)
  object space 66560K, 72% used [0x00000000c4200000,0x00000000c7150740,0x00000000c8300000)
 Metaspace       used 16324K, capacity 16656K, committed 16896K, reserved 1064960K
  class space    used 1868K, capacity 1985K, committed 2048K, reserved 1048576K
GC Heap History (10 events):
Event: 1474,436 GC heap before
{Heap before GC invocations=9 (full 0):
 PSYoungGen      total 129536K, used 129494K [0x00000000ec100000, 0x00000000f4f00000, 0x0000000100000000)
  eden space 119808K, 99% used [0x00000000ec100000,0x00000000f35f6930,0x00000000f3600000)
  from space 9728K, 99% used [0x00000000f4180000,0x00000000f4aff200,0x00000000f4b00000)
  to   space 11776K, 0% used [0x00000000f3600000,0x00000000f3600000,0x00000000f4180000)
 ParOldGen       total 40960K, used 13708K [0x00000000c4200000, 0x00000000c6a00000, 0x00000000ec100000)
  object space 40960K, 33% used [0x00000000c4200000,0x00000000c4f633c0,0x00000000c6a00000)
 Metaspace       used 15390K, capacity 15702K, committed 15744K, reserved 1062912K
  class space    used 1797K, capacity 1899K, committed 1920K, reserved 1048576K
Event: 1474,478 GC heap after
Heap after GC invocations=9 (full 0):
 PSYoungGen      total 131584K, used 11760K [0x00000000ec100000, 0x00000000f9a80000, 0x0000000100000000)
  eden space 119808K, 0% used [0x00000000ec100000,0x00000000ec100000,0x00000000f3600000)
  from space 11776K, 99% used [0x00000000f3600000,0x00000000f417c060,0x00000000f4180000)
  to   space 15360K, 0% used [0x00000000f8b80000,0x00000000f8b80000,0x00000000f9a80000)
 ParOldGen       total 40960K, used 17304K [0x00000000c4200000, 0x00000000c6a00000, 0x00000000ec100000)
  object space 40960K, 42% used [0x00000000c4200000,0x00000000c52e6270,0x00000000c6a00000)
 Metaspace       used 15390K, capacity 15702K, committed 15744K, reserved 1062912K
  class space    used 1797K, capacity 1899K, committed 1920K, reserved 1048576K
}
Event: 1935,804 GC heap before
{Heap before GC invocations=10 (full 0):
 PSYoungGen      total 131584K, used 131568K [0x00000000ec100000, 0x00000000f9a80000, 0x0000000100000000)
  eden space 119808K, 100% used [0x00000000ec100000,0x00000000f3600000,0x00000000f3600000)
  from space 11776K, 99% used [0x00000000f3600000,0x00000000f417c060,0x00000000f4180000)
  to   space 15360K, 0% used [0x00000000f8b80000,0x00000000f8b80000,0x00000000f9a80000)
 ParOldGen       total 40960K, used 17304K [0x00000000c4200000, 0x00000000c6a00000, 0x00000000ec100000)
  object space 40960K, 42% used [0x00000000c4200000,0x00000000c52e6270,0x00000000c6a00000)
 Metaspace       used 15516K, capacity 15806K, committed 16000K, reserved 1062912K
  class space    used 1801K, capacity 1907K, committed 1920K, reserved 1048576K
Event: 1935,863 GC heap after
Heap after GC invocations=10 (full 0):
 PSYoungGen      total 130048K, used 15340K [0x00000000ec100000, 0x00000000f9a80000, 0x0000000100000000)
  eden space 114688K, 0% used [0x00000000ec100000,0x00000000ec100000,0x00000000f3100000)
  from space 15360K, 99% used [0x00000000f8b80000,0x00000000f9a7b070,0x00000000f9a80000)
  to   space 19968K, 0% used [0x00000000f7380000,0x00000000f7380000,0x00000000f8700000)
 ParOldGen       total 40960K, used 24352K [0x00000000c4200000, 0x00000000c6a00000, 0x00000000ec100000)
  object space 40960K, 59% used [0x00000000c4200000,0x00000000c59c82a0,0x00000000c6a00000)
 Metaspace       used 15516K, capacity 15806K, committed 16000K, reserved 1062912K
  class space    used 1801K, capacity 1907K, committed 1920K, reserved 1048576K
}
Event: 3690,556 GC heap before
{Heap before GC invocations=11 (full 0):
 PSYoungGen      total 130048K, used 130028K [0x00000000ec100000, 0x00000000f9a80000, 0x0000000100000000)
  eden space 114688K, 100% used [0x00000000ec100000,0x00000000f3100000,0x00000000f3100000)
  from space 15360K, 99% used [0x00000000f8b80000,0x00000000f9a7b070,0x00000000f9a80000)
  to   space 19968K, 0% used [0x00000000f7380000,0x00000000f7380000,0x00000000f8700000)
 ParOldGen       total 40960K, used 24352K [0x00000000c4200000, 0x00000000c6a00000, 0x00000000ec100000)
  object space 40960K, 59% used [0x00000000c4200000,0x00000000c59c82a0,0x00000000c6a00000)
 Metaspace       used 16263K, capacity 16580K, committed 16896K, reserved 1064960K
  class space    used 1868K, capacity 1986K, committed 2048K, reserved 1048576K
Event: 3690,660 GC heap after
Heap after GC invocations=11 (full 0):
 PSYoungGen      total 122880K, used 12687K [0x00000000ec100000, 0x00000000f8c00000, 0x0000000100000000)
  eden space 110080K, 0% used [0x00000000ec100000,0x00000000ec100000,0x00000000f2c80000)
  from space 12800K, 99% used [0x00000000f7380000,0x00000000f7fe3f40,0x00000000f8000000)
  to   space 12288K, 0% used [0x00000000f8000000,0x00000000f8000000,0x00000000f8c00000)
 ParOldGen       total 40960K, used 39488K [0x00000000c4200000, 0x00000000c6a00000, 0x00000000ec100000)
  object space 40960K, 96% used [0x00000000c4200000,0x00000000c6890300,0x00000000c6a00000)
 Metaspace       used 16263K, capacity 16580K, committed 16896K, reserved 1064960K
  class space    used 1868K, capacity 1986K, committed 2048K, reserved 1048576K
}
Event: 3690,660 GC heap before
{Heap before GC invocations=12 (full 1):
 PSYoungGen      total 122880K, used 12687K [0x00000000ec100000, 0x00000000f8c00000, 0x0000000100000000)
  eden space 110080K, 0% used [0x00000000ec100000,0x00000000ec100000,0x00000000f2c80000)
  from space 12800K, 99% used [0x00000000f7380000,0x00000000f7fe3f40,0x00000000f8000000)
  to   space 12288K, 0% used [0x00000000f8000000,0x00000000f8000000,0x00000000f8c00000)
 ParOldGen       total 40960K, used 39488K [0x00000000c4200000, 0x00000000c6a00000, 0x00000000ec100000)
  object space 40960K, 96% used [0x00000000c4200000,0x00000000c6890300,0x00000000c6a00000)
 Metaspace       used 16263K, capacity 16580K, committed 16896K, reserved 1064960K
  class space    used 1868K, capacity 1986K, committed 2048K, reserved 1048576K
Event: 3691,070 GC heap after
Heap after GC invocations=12 (full 1):
 PSYoungGen      total 122880K, used 8005K [0x00000000ec100000, 0x00000000f8c00000, 0x0000000100000000)
  eden space 110080K, 0% used [0x00000000ec100000,0x00000000ec100000,0x00000000f2c80000)
  from space 12800K, 62% used [0x00000000f7380000,0x00000000f7b51668,0x00000000f8000000)
  to   space 12288K, 0% used [0x00000000f8000000,0x00000000f8000000,0x00000000f8c00000)
 ParOldGen       total 66560K, used 40465K [0x00000000c4200000, 0x00000000c8300000, 0x00000000ec100000)
  object space 66560K, 60% used [0x00000000c4200000,0x00000000c6984730,0x00000000c8300000)
 Metaspace       used 16252K, capacity 16562K, committed 16896K, reserved 1064960K
  class space    used 1864K, capacity 1979K, committed 2048K, reserved 1048576K
}
Event: 3882,268 GC heap before
{Heap before GC invocations=13 (full 1):
 PSYoungGen      total 122880K, used 118085K [0x00000000ec100000, 0x00000000f8c00000, 0x0000000100000000)
  eden space 110080K, 100% used [0x00000000ec100000,0x00000000f2c80000,0x00000000f2c80000)
  from space 12800K, 62% used [0x00000000f7380000,0x00000000f7b51668,0x00000000f8000000)
  to   space 12288K, 0% used [0x00000000f8000000,0x00000000f8000000,0x00000000f8c00000)
 ParOldGen       total 66560K, used 40465K [0x00000000c4200000, 0x00000000c8300000, 0x00000000ec100000)
  object space 66560K, 60% used [0x00000000c4200000,0x00000000c6984730,0x00000000c8300000)
 Metaspace       used 16322K, capacity 16656K, committed 16896K, reserved 1064960K
  class space    used 1867K, capacity 1985K, committed 2048K, reserved 1048576K
Event: 3882,336 GC heap after
Heap after GC invocations=13 (full 1):
 PSYoungGen      total 117760K, used 12159K [0x00000000ec100000, 0x00000000f8c00000, 0x0000000100000000)
  eden space 105472K, 0% used [0x00000000ec100000,0x00000000ec100000,0x00000000f2800000)
  from space 12288K, 98% used [0x00000000f8000000,0x00000000f8bdfda0,0x00000000f8c00000)
  to   space 20480K, 0% used [0x00000000f6400000,0x00000000f6400000,0x00000000f7800000)
 ParOldGen       total 66560K, used 48449K [0x00000000c4200000, 0x00000000c8300000, 0x00000000ec100000)
  object space 66560K, 72% used [0x00000000c4200000,0x00000000c7150740,0x00000000c8300000)
 Metaspace       used 16322K, capacity 16656K, committed 16896K, reserved 1064960K
  class space    used 1867K, capacity 1985K, committed 2048K, reserved 1048576K
}

