# JRE version: OpenJDK Runtime Environment (8.0_111-b14) (build 1.8.0_111-8u111-b14-2ubuntu0.16.04.2-b14)
# Java VM: OpenJDK 64-Bit Server VM (25.111-b14 mixed mode linux-amd64 compressed oops)
Heap:
 PSYoungGen      total 126464K, used 86323K [0x00000000ec100000, 0x00000000f4200000, 0x0000000100000000)
  eden space 122368K, 70% used [0x00000000ec100000,0x00000000f150ccc0,0x00000000f3880000)
  from space 4096K, 6% used [0x00000000f3d00000,0x00000000f3d40000,0x00000000f4100000)
  to   space 4608K, 0% used [0x00000000f3880000,0x00000000f3880000,0x00000000f3d00000)
 ParOldGen       total 40960K, used 4050K [0x00000000c4200000, 0x00000000c6a00000, 0x00000000ec100000)
  object space 40960K, 9% used [0x00000000c4200000,0x00000000c45f49d8,0x00000000c6a00000)
 Metaspace       used 14538K, capacity 15016K, committed 15232K, reserved 1062912K
  class space    used 1755K, capacity 1863K, committed 1920K, reserved 1048576K
GC Heap History (10 events):
Event: 244,447 GC heap before
{Heap before GC invocations=4 (full 0):
 PSYoungGen      total 17920K, used 17889K [0x00000000ec100000, 0x00000000ee400000, 0x0000000100000000)
  eden space 15360K, 100% used [0x00000000ec100000,0x00000000ed000000,0x00000000ed000000)
  from space 2560K, 98% used [0x00000000ed000000,0x00000000ed278430,0x00000000ed280000)
  to   space 2560K, 0% used [0x00000000ee180000,0x00000000ee180000,0x00000000ee400000)
 ParOldGen       total 40960K, used 636K [0x00000000c4200000, 0x00000000c6a00000, 0x00000000ec100000)
  object space 40960K, 1% used [0x00000000c4200000,0x00000000c429f1f0,0x00000000c6a00000)
 Metaspace       used 14508K, capacity 14918K, committed 15232K, reserved 1062912K
  class space    used 1751K, capacity 1829K, committed 1920K, reserved 1048576K
Event: 244,455 GC heap after
Heap after GC invocations=4 (full 0):
 PSYoungGen      total 33280K, used 2540K [0x00000000ec100000, 0x00000000ee400000, 0x0000000100000000)
  eden space 30720K, 0% used [0x00000000ec100000,0x00000000ec100000,0x00000000edf00000)
  from space 2560K, 99% used [0x00000000ee180000,0x00000000ee3fb258,0x00000000ee400000)
  to   space 2560K, 0% used [0x00000000edf00000,0x00000000edf00000,0x00000000ee180000)
 ParOldGen       total 40960K, used 1940K [0x00000000c4200000, 0x00000000c6a00000, 0x00000000ec100000)
  object space 40960K, 4% used [0x00000000c4200000,0x00000000c43e51f0,0x00000000c6a00000)
 Metaspace       used 14508K, capacity 14918K, committed 15232K, reserved 1062912K
  class space    used 1751K, capacity 1829K, committed 1920K, reserved 1048576K
}
Event: 244,527 GC heap before
{Heap before GC invocations=5 (full 0):
 PSYoungGen      total 33280K, used 33260K [0x00000000ec100000, 0x00000000ee400000, 0x0000000100000000)
  eden space 30720K, 100% used [0x00000000ec100000,0x00000000edf00000,0x00000000edf00000)
  from space 2560K, 99% used [0x00000000ee180000,0x00000000ee3fb258,0x00000000ee400000)
  to   space 2560K, 0% used [0x00000000edf00000,0x00000000edf00000,0x00000000ee180000)
 ParOldGen       total 40960K, used 1940K [0x00000000c4200000, 0x00000000c6a00000, 0x00000000ec100000)
  object space 40960K, 4% used [0x00000000c4200000,0x00000000c43e51f0,0x00000000c6a00000)
 Metaspace       used 14508K, capacity 14918K, committed 15232K, reserved 1062912K
  class space    used 1751K, capacity 1829K, committed 1920K, reserved 1048576K
Event: 244,532 GC heap after
Heap after GC invocations=5 (full 0):
 PSYoungGen      total 33280K, used 2161K [0x00000000ec100000, 0x00000000f0500000, 0x0000000100000000)
  eden space 30720K, 0% used [0x00000000ec100000,0x00000000ec100000,0x00000000edf00000)
  from space 2560K, 84% used [0x00000000edf00000,0x00000000ee11c440,0x00000000ee180000)
  to   space 4096K, 0% used [0x00000000f0100000,0x00000000f0100000,0x00000000f0500000)
 ParOldGen       total 40960K, used 1940K [0x00000000c4200000, 0x00000000c6a00000, 0x00000000ec100000)
  object space 40960K, 4% used [0x00000000c4200000,0x00000000c43e51f0,0x00000000c6a00000)
 Metaspace       used 14508K, capacity 14918K, committed 15232K, reserved 1062912K
  class space    used 1751K, capacity 1829K, committed 1920K, reserved 1048576K
}
Event: 244,565 GC heap before
{Heap before GC invocations=6 (full 0):
 PSYoungGen      total 33280K, used 32881K [0x00000000ec100000, 0x00000000f0500000, 0x0000000100000000)
  eden space 30720K, 100% used [0x00000000ec100000,0x00000000edf00000,0x00000000edf00000)
  from space 2560K, 84% used [0x00000000edf00000,0x00000000ee11c440,0x00000000ee180000)
  to   space 4096K, 0% used [0x00000000f0100000,0x00000000f0100000,0x00000000f0500000)
 ParOldGen       total 40960K, used 1940K [0x00000000c4200000, 0x00000000c6a00000, 0x00000000ec100000)
  object space 40960K, 4% used [0x00000000c4200000,0x00000000c43e51f0,0x00000000c6a00000)
 Metaspace       used 14508K, capacity 14918K, committed 15232K, reserved 1062912K
  class space    used 1751K, capacity 1829K, committed 1920K, reserved 1048576K
Event: 244,570 GC heap after
Heap after GC invocations=6 (full 0):
 PSYoungGen      total 65536K, used 2775K [0x00000000ec100000, 0x00000000f0500000, 0x0000000100000000)
  eden space 61440K, 0% used [0x00000000ec100000,0x00000000ec100000,0x00000000efd00000)
  from space 4096K, 67% used [0x00000000f0100000,0x00000000f03b5fd8,0x00000000f0500000)
  to   space 4096K, 0% used [0x00000000efd00000,0x00000000efd00000,0x00000000f0100000)
 ParOldGen       total 40960K, used 1940K [0x00000000c4200000, 0x00000000c6a00000, 0x00000000ec100000)
  object space 40960K, 4% used [0x00000000c4200000,0x00000000c43e51f0,0x00000000c6a00000)
 Metaspace       used 14508K, capacity 14918K, committed 15232K, reserved 1062912K
  class space    used 1751K, capacity 1829K, committed 1920K, reserved 1048576K
}
Event: 244,619 GC heap before
{Heap before GC invocations=7 (full 0):
 PSYoungGen      total 65536K, used 64215K [0x00000000ec100000, 0x00000000f0500000, 0x0000000100000000)
  eden space 61440K, 100% used [0x00000000ec100000,0x00000000efd00000,0x00000000efd00000)
  from space 4096K, 67% used [0x00000000f0100000,0x00000000f03b5fd8,0x00000000f0500000)
  to   space 4096K, 0% used [0x00000000efd00000,0x00000000efd00000,0x00000000f0100000)
 ParOldGen       total 40960K, used 1940K [0x00000000c4200000, 0x00000000c6a00000, 0x00000000ec100000)
  object space 40960K, 4% used [0x00000000c4200000,0x00000000c43e51f0,0x00000000c6a00000)
 Metaspace       used 14509K, capacity 14918K, committed 15232K, reserved 1062912K
  class space    used 1751K, capacity 1829K, committed 1920K, reserved 1048576K
Event: 244,629 GC heap after
Heap after GC invocations=7 (full 0):
 PSYoungGen      total 65536K, used 3173K [0x00000000ec100000, 0x00000000f4100000, 0x0000000100000000)
  eden space 61440K, 0% used [0x00000000ec100000,0x00000000ec100000,0x00000000efd00000)
  from space 4096K, 77% used [0x00000000efd00000,0x00000000f0019560,0x00000000f0100000)
  to   space 4096K, 0% used [0x00000000f3d00000,0x00000000f3d00000,0x00000000f4100000)
 ParOldGen       total 40960K, used 3113K [0x00000000c4200000, 0x00000000c6a00000, 0x00000000ec100000)
  object space 40960K, 7% used [0x00000000c4200000,0x00000000c450a5a8,0x00000000c6a00000)
 Metaspace       used 14509K, capacity 14918K, committed 15232K, reserved 1062912K
  class space    used 1751K, capacity 1829K, committed 1920K, reserved 1048576K
}
Event: 244,677 GC heap before
{Heap before GC invocations=8 (full 0):
 PSYoungGen      total 65536K, used 64613K [0x00000000ec100000, 0x00000000f4100000, 0x0000000100000000)
  eden space 61440K, 100% used [0x00000000ec100000,0x00000000efd00000,0x00000000efd00000)
  from space 4096K, 77% used [0x00000000efd00000,0x00000000f0019560,0x00000000f0100000)
  to   space 4096K, 0% used [0x00000000f3d00000,0x00000000f3d00000,0x00000000f4100000)
 ParOldGen       total 40960K, used 3113K [0x00000000c4200000, 0x00000000c6a00000, 0x00000000ec100000)
  object space 40960K, 7% used [0x00000000c4200000,0x00000000c450a5a8,0x00000000c6a00000)
 Metaspace       used 14509K, capacity 14918K, committed 15232K, reserved 1062912K
  class space    used 1751K, capacity 1829K, committed 1920K, reserved 1048576K
Event: 244,681 GC heap after
Heap after GC invocations=8 (full 0):
 PSYoungGen      total 126464K, used 256K [0x00000000ec100000, 0x00000000f4200000, 0x0000000100000000)
  eden space 122368K, 0% used [0x00000000ec100000,0x00000000ec100000,0x00000000f3880000)
  from space 4096K, 6% used [0x00000000f3d00000,0x00000000f3d40000,0x00000000f4100000)
  to   space 4608K, 0% used [0x00000000f3880000,0x00000000f3880000,0x00000000f3d00000)
 ParOldGen       total 40960K, used 4050K [0x00000000c4200000, 0x00000000c6a00000, 0x00000000ec100000)
  object space 40960K, 9% used [0x00000000c4200000,0x00000000c45f49d8,0x00000000c6a00000)
 Metaspace       used 14509K, capacity 14918K, committed 15232K, reserved 1062912K
  class space    used 1751K, capacity 1829K, committed 1920K, reserved 1048576K
}

