# JRE version: OpenJDK Runtime Environment (8.0_111-b14) (build 1.8.0_111-8u111-b14-2ubuntu0.16.04.2-b14)
# Java VM: OpenJDK 64-Bit Server VM (25.111-b14 mixed mode linux-amd64 compressed oops)
Heap:
 PSYoungGen      total 17920K, used 15168K [0x00000000ec100000, 0x00000000ed500000, 0x0000000100000000)
  eden space 15360K, 82% used [0x00000000ec100000,0x00000000ecd67640,0x00000000ed000000)
  from space 2560K, 96% used [0x00000000ed280000,0x00000000ed4e8b90,0x00000000ed500000)
  to   space 2560K, 0% used [0x00000000ed000000,0x00000000ed000000,0x00000000ed280000)
 ParOldGen       total 40960K, used 24K [0x00000000c4200000, 0x00000000c6a00000, 0x00000000ec100000)
  object space 40960K, 0% used [0x00000000c4200000,0x00000000c4206000,0x00000000c6a00000)
 Metaspace       used 14965K, capacity 15248K, committed 15488K, reserved 1062912K
  class space    used 1758K, capacity 1851K, committed 1920K, reserved 1048576K
GC Heap History (4 events):
Event: 160,063 GC heap before
{Heap before GC invocations=1 (full 0):
 PSYoungGen      total 17920K, used 15360K [0x00000000ec100000, 0x00000000ed500000, 0x0000000100000000)
  eden space 15360K, 100% used [0x00000000ec100000,0x00000000ed000000,0x00000000ed000000)
  from space 2560K, 0% used [0x00000000ed280000,0x00000000ed280000,0x00000000ed500000)
  to   space 2560K, 0% used [0x00000000ed000000,0x00000000ed000000,0x00000000ed280000)
 ParOldGen       total 40960K, used 0K [0x00000000c4200000, 0x00000000c6a00000, 0x00000000ec100000)
  object space 40960K, 0% used [0x00000000c4200000,0x00000000c4200000,0x00000000c6a00000)
 Metaspace       used 13973K, capacity 14200K, committed 14464K, reserved 1062912K
  class space    used 1727K, capacity 1808K, committed 1920K, reserved 1048576K
Event: 160,071 GC heap after
Heap after GC invocations=1 (full 0):
 PSYoungGen      total 17920K, used 2430K [0x00000000ec100000, 0x00000000ed500000, 0x0000000100000000)
  eden space 15360K, 0% used [0x00000000ec100000,0x00000000ec100000,0x00000000ed000000)
  from space 2560K, 94% used [0x00000000ed000000,0x00000000ed25f980,0x00000000ed280000)
  to   space 2560K, 0% used [0x00000000ed280000,0x00000000ed280000,0x00000000ed500000)
 ParOldGen       total 40960K, used 8K [0x00000000c4200000, 0x00000000c6a00000, 0x00000000ec100000)
  object space 40960K, 0% used [0x00000000c4200000,0x00000000c4202000,0x00000000c6a00000)
 Metaspace       used 13973K, capacity 14200K, committed 14464K, reserved 1062912K
  class space    used 1727K, capacity 1808K, committed 1920K, reserved 1048576K
}
Event: 227,737 GC heap before
{Heap before GC invocations=2 (full 0):
 PSYoungGen      total 17920K, used 17790K [0x00000000ec100000, 0x00000000ed500000, 0x0000000100000000)
  eden space 15360K, 100% used [0x00000000ec100000,0x00000000ed000000,0x00000000ed000000)
  from space 2560K, 94% used [0x00000000ed000000,0x00000000ed25f980,0x00000000ed280000)
  to   space 2560K, 0% used [0x00000000ed280000,0x00000000ed280000,0x00000000ed500000)
 ParOldGen       total 40960K, used 8K [0x00000000c4200000, 0x00000000c6a00000, 0x00000000ec100000)
  object space 40960K, 0% used [0x00000000c4200000,0x00000000c4202000,0x00000000c6a00000)
 Metaspace       used 14541K, capacity 14772K, committed 14976K, reserved 1062912K
  class space    used 1748K, capacity 1847K, committed 1920K, reserved 1048576K
Event: 227,743 GC heap after
Heap after GC invocations=2 (full 0):
 PSYoungGen      total 17920K, used 2466K [0x00000000ec100000, 0x00000000ed500000, 0x0000000100000000)
  eden space 15360K, 0% used [0x00000000ec100000,0x00000000ec100000,0x00000000ed000000)
  from space 2560K, 96% used [0x00000000ed280000,0x00000000ed4e8b90,0x00000000ed500000)
  to   space 2560K, 0% used [0x00000000ed000000,0x00000000ed000000,0x00000000ed280000)
 ParOldGen       total 40960K, used 24K [0x00000000c4200000, 0x00000000c6a00000, 0x00000000ec100000)
  object space 40960K, 0% used [0x00000000c4200000,0x00000000c4206000,0x00000000c6a00000)
 Metaspace       used 14541K, capacity 14772K, committed 14976K, reserved 1062912K
  class space    used 1748K, capacity 1847K, committed 1920K, reserved 1048576K
}

